<?xml version="1.0" encoding="UTF-8"?>
<testsuite name="practical1.NumberToolsTest" tests="2" skipped="0" failures="0" errors="0" timestamp="2024-11-14T12:05:58" hostname="DESKTOP-M153Q0L" time="0.045">
  <properties/>
  <testcase name="testParse" classname="practical1.NumberToolsTest" time="0.017"/>
  <testcase name="testComputeStatistic" classname="practical1.NumberToolsTest" time="0.025"/>
  <system-out><![CDATA[]]></system-out>
  <system-err><![CDATA[]]></system-err>
</testsuite>
